Arguments: 
  /usr/local/bin/node /usr/local/bin/yarn version

PATH: 
  /bin:/usr/bin:/usr/local/bin:/usr/bin:/bin:/usr/sbin:/sbin

Yarn version: 
  1.12.3

Node version: 
  8.12.0

Platform: 
  darwin x64

Trace: 
  Error: canceled
      at Interface.<anonymous> (/usr/local/lib/node_modules/yarn/lib/cli.js:125278:13)
      at emitNone (events.js:106:13)
      at Interface.emit (events.js:208:7)
      at Interface._ttyWrite (readline.js:774:16)
      at ReadStream.onkeypress (readline.js:158:10)
      at emitTwo (events.js:126:13)
      at ReadStream.emit (events.js:214:7)
      at emitKeys (internal/readline.js:420:14)
      at emitKeys.next (<anonymous>)
      at ReadStream.onData (readline.js:1010:36)

npm manifest: 
  {
    "name": "project3",
    "version": "1.0.0",
    "description": "wonderfund",
    "main": "server.js",
    "engines": {
      "node": "8.1.1",
      "npm": "5.0.3"
    },
    "scripts": {
      "start": "if-env NODE_ENV=production && npm run start:prod || npm run start:dev",
      "start:prod": "node server.js",
      "start:dev": "concurrently \"nodemon --ignore 'client/*'\" \"npm run client\"",
      "client": "cd client && npm run start",
      "seed": "node scripts/seedDB.js",
      "install": "cd client && yarn install",
      "build": "cd client && npm run build",
      "heroku-postbuild": "npm run build"
    },
    "author": "Denis Plaster <denjeo@gmail.com>",
    "license": "MIT",
    "bugs": {
      "url": "https://github.com/nfgrawker/Project3/issues"
    },
    "homepage": "https://github.com/nfgrawker/Project3#readme",
    "dependencies": {
      "axios": "0.18.0",
      "body-parser": "1.18.3",
      "concurrently": "^4.1.0",
      "cookie-session": "2.0.0-beta.3",
      "ejs": "2.6.1",
      "express": "4.16.4",
      "express-validator": "5.3.0",
      "i": "0.3.6",
      "mongoose": "5.3.13",
      "npm": "6.4.1",
      "parseurl": "1.3.2",
      "passport": "0.4.0",
      "passport-google-oauth20": "1.0.0",
      "redux-thunk": "2.3.0"
    }
  }

yarn manifest: 
  No manifest

Lockfile: 
  No lockfile
